生成启动时间为 2020/4/6 19:56:27。
     1>项目“E:\代码\实现链栈\实现链栈\实现链栈.vcxproj”在节点 2 上(build 个目标)。
     1>PrepareForBuild:
         正在创建目录“E:\代码\实现链栈\Debug\”。
       InitializeBuildStatus:
         正在创建“Debug\实现链栈.unsuccessfulbuild”，因为已指定“AlwaysCreate”。
       ClCompile:
         e:\Microsoft Visual Studio 10.0\VC\bin\CL.exe /c /ZI /nologo /W3 /WX- /Od /Oy- /D WIN32 /D _DEBUG /D _CONSOLE /D _UNICODE /D UNICODE /Gm /EHsc /RTC1 /MDd /GS /fp:precise /Zc:wchar_t /Zc:forScope /Yc"StdAfx.h" /Fp"Debug\实现链栈.pch" /Fo"Debug\\" /Fd"Debug\vc100.pdb" /Gd /TP /analyze- /errorReport:prompt stdafx.cpp
         stdafx.cpp
         e:\Microsoft Visual Studio 10.0\VC\bin\CL.exe /c /ZI /nologo /W3 /WX- /Od /Oy- /D WIN32 /D _DEBUG /D _CONSOLE /D _UNICODE /D UNICODE /Gm /EHsc /RTC1 /MDd /GS /fp:precise /Zc:wchar_t /Zc:forScope /Yu"StdAfx.h" /Fp"Debug\实现链栈.pch" /Fo"Debug\\" /Fd"Debug\vc100.pdb" /Gd /TP /analyze- /errorReport:prompt "实现链栈.cpp"
         实现链栈.cpp
     1>e:\代码\实现链栈\实现链栈\实现链栈.cpp(10): warning C4005: “OVERFLOW”: 宏重定义
                 e:\microsoft visual studio 10.0\vc\include\math.h(450) : 参见“OVERFLOW”的前一个定义
     1>e:\代码\实现链栈\实现链栈\实现链栈.cpp(68): warning C4996: 'scanf': This function or variable may be unsafe. Consider using scanf_s instead. To disable deprecation, use _CRT_SECURE_NO_WARNINGS. See online help for details.
                 e:\microsoft visual studio 10.0\vc\include\stdio.h(304) : 参见“scanf”的声明
     1>e:\代码\实现链栈\实现链栈\实现链栈.cpp(53): warning C4715: “GetTop”: 不是所有的控件路径都返回值
       ManifestResourceCompile:
         C:\Program Files (x86)\Microsoft SDKs\Windows\v7.0A\bin\rc.exe /nologo /fo"Debug\实现链栈.exe.embed.manifest.res" "Debug\实现链栈_manifest.rc" 
       Link:
         e:\Microsoft Visual Studio 10.0\VC\bin\link.exe /ERRORREPORT:PROMPT /OUT:"E:\代码\实现链栈\Debug\实现链栈.exe" /INCREMENTAL /NOLOGO kernel32.lib user32.lib gdi32.lib winspool.lib comdlg32.lib advapi32.lib shell32.lib ole32.lib oleaut32.lib uuid.lib odbc32.lib odbccp32.lib /MANIFEST /ManifestFile:"Debug\实现链栈.exe.intermediate.manifest" /MANIFESTUAC:"level='asInvoker' uiAccess='false'" /DEBUG /PDB:"E:\代码\实现链栈\Debug\实现链栈.pdb" /SUBSYSTEM:CONSOLE /TLBID:1 /DYNAMICBASE /NXCOMPAT /IMPLIB:"E:\代码\实现链栈\Debug\实现链栈.lib" /MACHINE:X86 "Debug\实现链栈.exe.embed.manifest.res"
         Debug\stdafx.obj
         "Debug\实现链栈.obj"
       Manifest:
         C:\Program Files (x86)\Microsoft SDKs\Windows\v7.0A\bin\mt.exe /nologo /verbose /out:"Debug\实现链栈.exe.embed.manifest" /manifest "Debug\实现链栈.exe.intermediate.manifest"
         C:\Program Files (x86)\Microsoft SDKs\Windows\v7.0A\bin\rc.exe /nologo /fo"Debug\实现链栈.exe.embed.manifest.res" "Debug\实现链栈_manifest.rc" 
       LinkEmbedManifest:
         e:\Microsoft Visual Studio 10.0\VC\bin\link.exe /ERRORREPORT:PROMPT /OUT:"E:\代码\实现链栈\Debug\实现链栈.exe" /INCREMENTAL /NOLOGO kernel32.lib user32.lib gdi32.lib winspool.lib comdlg32.lib advapi32.lib shell32.lib ole32.lib oleaut32.lib uuid.lib odbc32.lib odbccp32.lib /MANIFEST /ManifestFile:"Debug\实现链栈.exe.intermediate.manifest" /MANIFESTUAC:"level='asInvoker' uiAccess='false'" /DEBUG /PDB:"E:\代码\实现链栈\Debug\实现链栈.pdb" /SUBSYSTEM:CONSOLE /TLBID:1 /DYNAMICBASE /NXCOMPAT /IMPLIB:"E:\代码\实现链栈\Debug\实现链栈.lib" /MACHINE:X86 "Debug\实现链栈.exe.embed.manifest.res"
         Debug\stdafx.obj
         "Debug\实现链栈.obj"
         实现链栈.vcxproj -> E:\代码\实现链栈\Debug\实现链栈.exe
       FinalizeBuildStatus:
         正在删除文件“Debug\实现链栈.unsuccessfulbuild”。
         正在对“Debug\实现链栈.lastbuildstate”执行 Touch 任务。
     1>已完成生成项目“E:\代码\实现链栈\实现链栈\实现链栈.vcxproj”(build 个目标)的操作。

生成成功。

已用时间 00:00:02.74
